Base path: C:/Program Files/Unity/Editor/Data
Cmd: initializeCompiler
<<<<<<< HEAD
Cmd: compileSnippet
  api=4 type=0 insize=1097 outsize=1874 kw=DIRECTIONAL _SMOOTHNESS_TEXTURE_ALBEDO_CHANNEL_A pd=UNITY_NO_DXT5nm UNITY_ENABLE_REFLECTION_BUFFERS UNITY_NO_SCREENSPACE_SHADOWS UNITY_PBS_USE_BRDF2 SHADER_API_DESKTOP UNITY_HARDWARE_TIER3 UNITY_COLORSPACE_GAMMA ok=1
Cmd: compileSnippet
  api=4 type=1 insize=1097 outsize=4454 kw=DIRECTIONAL _SMOOTHNESS_TEXTURE_ALBEDO_CHANNEL_A pd=UNITY_NO_DXT5nm UNITY_ENABLE_REFLECTION_BUFFERS UNITY_NO_SCREENSPACE_SHADOWS UNITY_PBS_USE_BRDF2 SHADER_API_DESKTOP UNITY_HARDWARE_TIER3 UNITY_COLORSPACE_GAMMA ok=1
=======
Cmd: preprocess
  insize=1952 outsize=1181 ok=1
Cmd: preprocess
  insize=1978 outsize=1095 ok=1
Cmd: preprocess
  insize=1911 outsize=950 ok=1
Cmd: preprocess
  insize=3304 outsize=1840 ok=1
Cmd: preprocess
  insize=1248 outsize=1248 ok=1
Cmd: preprocess
  insize=1608 outsize=890 ok=1
Cmd: preprocess
  insize=2026 outsize=1084 ok=1
Cmd: preprocess
  insize=2165 outsize=1340 ok=1
Cmd: preprocess
  insize=1815 outsize=899 ok=1
Cmd: preprocess
  insize=1213 outsize=1213 ok=1
Cmd: preprocess
  insize=3369 outsize=1398 ok=1
Cmd: preprocess
  insize=2149 outsize=1090 ok=1
>>>>>>> 1c96b1659bc62f24f2e72422cd4e922fd155e99d
